<?xml version="1.0" encoding="UTF-8"?>
<!-- Generated by org.testng.reporters.JUnitReportReporter -->
<testsuite hostname="LAPTOP-OOJD2GM0" failures="0" tests="1" name="Java01" time="0.033" errors="0" timestamp="4 Oct 2022 09:14:27 GMT">
  <testcase classname="Java01" name="main" time="0.033"/>
</testsuite> <!-- Java01 -->
