<?xml version="1.0" encoding="UTF-8"?>
<!-- Generated by org.testng.reporters.JUnitReportReporter -->
<testsuite hostname="LAPTOP-OOJD2GM0" failures="1" tests="1" name="com.javatpoint.Dataprovider" time="0.000" errors="0" timestamp="30 Jul 2022 12:37:30 GMT">
  <testcase classname="com.javatpoint.Dataprovider" name="flipkart" time="0.000">
    <failure message="
Method public void com.javatpoint.Dataprovider.flipkart(java.lang.String,java.lang.String) requires a @DataProvider named : getData" type="org.testng.TestNGException">
      <![CDATA[org.testng.TestNGException: 
Method public void com.javatpoint.Dataprovider.flipkart(java.lang.String,java.lang.String) requires a @DataProvider named : getData
	at org.testng.internal.Parameters.findDataProvider(Parameters.java:265)
	at org.testng.internal.Parameters.handleParameters(Parameters.java:414)
	at org.testng.internal.Invoker.handleParameters(Invoker.java:1389)
	at org.testng.internal.Invoker.createParameters(Invoker.java:1081)
	at org.testng.internal.Invoker.invokeTestMethods(Invoker.java:1186)
	at org.testng.internal.TestMethodWorker.invokeTestMethods(TestMethodWorker.java:127)
	at org.testng.internal.TestMethodWorker.run(TestMethodWorker.java:111)
	at org.testng.TestRunner.privateRun(TestRunner.java:767)
	at org.testng.TestRunner.run(TestRunner.java:617)
	at org.testng.SuiteRunner.runTest(SuiteRunner.java:334)
	at org.testng.SuiteRunner.runSequentially(SuiteRunner.java:329)
	at org.testng.SuiteRunner.privateRun(SuiteRunner.java:291)
	at org.testng.SuiteRunner.run(SuiteRunner.java:240)
	at org.testng.SuiteRunnerWorker.runSuite(SuiteRunnerWorker.java:51)
	at org.testng.SuiteRunnerWorker.run(SuiteRunnerWorker.java:85)
	at org.testng.TestNG.runSuitesSequentially(TestNG.java:1197)
	at org.testng.TestNG.runSuitesLocally(TestNG.java:1122)
	at org.testng.TestNG.run(TestNG.java:1030)
	at org.testng.remote.AbstractRemoteTestNG.run(AbstractRemoteTestNG.java:115)
	at org.testng.remote.RemoteTestNG.initAndRun(RemoteTestNG.java:251)
	at org.testng.remote.RemoteTestNG.main(RemoteTestNG.java:77)
]]>
    </failure>
  </testcase> <!-- flipkart -->
</testsuite> <!-- com.javatpoint.Dataprovider -->
