<?xml version="1.0" encoding="UTF-8"?>
<!-- Generated by org.testng.reporters.JUnitReportReporter -->
<testsuite hostname="LAPTOP-OOJD2GM0" failures="0" tests="1" name="Scenario" time="0.044" errors="0" timestamp="7 Jul 2022 14:58:05 GMT">
  <testcase classname="Scenario" name="newone" time="0.044"/>
</testsuite> <!-- Scenario -->
